{"C:\\Users\\USER\\99e\\exx\\Express_99\\simpletime.js":{"path":"C:\\Users\\USER\\99e\\exx\\Express_99\\simpletime.js","s":{"1":0,"2":0,"3":0,"4":0,"5":0,"6":0,"7":0,"8":0,"9":0,"10":0,"11":0,"12":0,"13":0,"14":0,"15":0,"16":0,"17":0,"18":0,"19":0,"20":0,"21":0,"22":0,"23":0,"24":0,"25":0,"26":0,"27":0,"28":0,"29":0,"30":0,"31":0,"32":0,"33":0,"34":0,"35":0,"36":0,"37":1},"b":{"1":[0,0],"2":[0,0],"3":[0,0],"4":[0,0],"5":[0,0],"6":[0,0],"7":[0,0],"8":[0,0],"9":[0,0],"10":[0,0],"11":[0,0]},"f":{"1":0,"2":0,"3":0,"4":0},"fnMap":{"1":{"name":"(anonymous_1)","line":3,"loc":{"start":{"line":3,"column":15},"end":{"line":3,"column":17}}},"2":{"name":"(anonymous_2)","line":9,"loc":{"start":{"line":9,"column":11},"end":{"line":9,"column":14}}},"3":{"name":"(anonymous_3)","line":21,"loc":{"start":{"line":21,"column":7},"end":{"line":21,"column":21}}},"4":{"name":"(anonymous_4)","line":64,"loc":{"start":{"line":64,"column":16},"end":{"line":64,"column":18}}}},"statementMap":{"1":{"start":{"line":4,"column":8},"end":{"line":4,"column":22}},"2":{"start":{"line":5,"column":8},"end":{"line":5,"column":24}},"3":{"start":{"line":6,"column":8},"end":{"line":6,"column":24}},"4":{"start":{"line":11,"column":7},"end":{"line":11,"column":32}},"5":{"start":{"line":12,"column":7},"end":{"line":13,"column":45}},"6":{"start":{"line":13,"column":11},"end":{"line":13,"column":45}},"7":{"start":{"line":14,"column":7},"end":{"line":15,"column":47}},"8":{"start":{"line":15,"column":11},"end":{"line":15,"column":47}},"9":{"start":{"line":16,"column":7},"end":{"line":17,"column":47}},"10":{"start":{"line":17,"column":11},"end":{"line":17,"column":47}},"11":{"start":{"line":22,"column":8},"end":{"line":24,"column":9}},"12":{"start":{"line":23,"column":11},"end":{"line":23,"column":31}},"13":{"start":{"line":25,"column":8},"end":{"line":38,"column":9}},"14":{"start":{"line":27,"column":12},"end":{"line":27,"column":34}},"15":{"start":{"line":28,"column":11},"end":{"line":28,"column":33}},"16":{"start":{"line":30,"column":12},"end":{"line":37,"column":13}},"17":{"start":{"line":31,"column":16},"end":{"line":31,"column":52}},"18":{"start":{"line":32,"column":16},"end":{"line":32,"column":30}},"19":{"start":{"line":33,"column":16},"end":{"line":33,"column":34}},"20":{"start":{"line":36,"column":16},"end":{"line":36,"column":38}},"21":{"start":{"line":39,"column":8},"end":{"line":49,"column":10}},"22":{"start":{"line":40,"column":12},"end":{"line":47,"column":13}},"23":{"start":{"line":41,"column":16},"end":{"line":41,"column":52}},"24":{"start":{"line":42,"column":16},"end":{"line":42,"column":32}},"25":{"start":{"line":43,"column":16},"end":{"line":43,"column":34}},"26":{"start":{"line":46,"column":16},"end":{"line":46,"column":35}},"27":{"start":{"line":50,"column":9},"end":{"line":52,"column":9}},"28":{"start":{"line":51,"column":12},"end":{"line":51,"column":34}},"29":{"start":{"line":53,"column":9},"end":{"line":56,"column":9}},"30":{"start":{"line":54,"column":12},"end":{"line":54,"column":64}},"31":{"start":{"line":55,"column":12},"end":{"line":55,"column":42}},"32":{"start":{"line":57,"column":8},"end":{"line":60,"column":9}},"33":{"start":{"line":58,"column":12},"end":{"line":58,"column":68}},"34":{"start":{"line":59,"column":12},"end":{"line":59,"column":42}},"35":{"start":{"line":65,"column":8},"end":{"line":65,"column":72}},"36":{"start":{"line":66,"column":8},"end":{"line":66,"column":22}},"37":{"start":{"line":70,"column":0},"end":{"line":70,"column":29}}},"branchMap":{"1":{"line":12,"type":"if","locations":[{"start":{"line":12,"column":7},"end":{"line":12,"column":7}},{"start":{"line":12,"column":7},"end":{"line":12,"column":7}}]},"2":{"line":14,"type":"if","locations":[{"start":{"line":14,"column":7},"end":{"line":14,"column":7}},{"start":{"line":14,"column":7},"end":{"line":14,"column":7}}]},"3":{"line":16,"type":"if","locations":[{"start":{"line":16,"column":7},"end":{"line":16,"column":7}},{"start":{"line":16,"column":7},"end":{"line":16,"column":7}}]},"4":{"line":22,"type":"if","locations":[{"start":{"line":22,"column":8},"end":{"line":22,"column":8}},{"start":{"line":22,"column":8},"end":{"line":22,"column":8}}]},"5":{"line":25,"type":"if","locations":[{"start":{"line":25,"column":8},"end":{"line":25,"column":8}},{"start":{"line":25,"column":8},"end":{"line":25,"column":8}}]},"6":{"line":30,"type":"if","locations":[{"start":{"line":30,"column":12},"end":{"line":30,"column":12}},{"start":{"line":30,"column":12},"end":{"line":30,"column":12}}]},"7":{"line":39,"type":"if","locations":[{"start":{"line":39,"column":8},"end":{"line":39,"column":8}},{"start":{"line":39,"column":8},"end":{"line":39,"column":8}}]},"8":{"line":40,"type":"if","locations":[{"start":{"line":40,"column":12},"end":{"line":40,"column":12}},{"start":{"line":40,"column":12},"end":{"line":40,"column":12}}]},"9":{"line":50,"type":"if","locations":[{"start":{"line":50,"column":9},"end":{"line":50,"column":9}},{"start":{"line":50,"column":9},"end":{"line":50,"column":9}}]},"10":{"line":53,"type":"if","locations":[{"start":{"line":53,"column":9},"end":{"line":53,"column":9}},{"start":{"line":53,"column":9},"end":{"line":53,"column":9}}]},"11":{"line":57,"type":"if","locations":[{"start":{"line":57,"column":8},"end":{"line":57,"column":8}},{"start":{"line":57,"column":8},"end":{"line":57,"column":8}}]}}},"C:\\Users\\USER\\99e\\exx\\Express_99\\linkedlist.js":{"path":"C:\\Users\\USER\\99e\\exx\\Express_99\\linkedlist.js","s":{"1":1,"2":1,"3":7,"4":7,"5":7,"6":1,"7":1,"8":1,"9":1,"10":1,"11":1,"12":1,"13":3,"14":3,"15":2,"16":2,"17":1,"18":1,"19":1,"20":1,"21":1,"22":1,"23":1},"b":{"1":[1,0],"2":[2,1],"3":[0,1]},"f":{"1":7,"2":1,"3":1,"4":1,"5":3,"6":1,"7":1},"fnMap":{"1":{"name":"(anonymous_1)","line":6,"loc":{"start":{"line":6,"column":15},"end":{"line":6,"column":36}}},"2":{"name":"(anonymous_2)","line":14,"loc":{"start":{"line":14,"column":11},"end":{"line":14,"column":14}}},"3":{"name":"(anonymous_3)","line":18,"loc":{"start":{"line":18,"column":11},"end":{"line":18,"column":14}}},"4":{"name":"(anonymous_4)","line":22,"loc":{"start":{"line":22,"column":11},"end":{"line":22,"column":19}}},"5":{"name":"(anonymous_5)","line":36,"loc":{"start":{"line":36,"column":10},"end":{"line":36,"column":18}}},"6":{"name":"(anonymous_6)","line":91,"loc":{"start":{"line":91,"column":8},"end":{"line":91,"column":28}}},"7":{"name":"(anonymous_7)","line":144,"loc":{"start":{"line":144,"column":16},"end":{"line":144,"column":19}}}},"statementMap":{"1":{"start":{"line":1,"column":0},"end":{"line":1,"column":46}},"2":{"start":{"line":2,"column":0},"end":{"line":2,"column":44}},"3":{"start":{"line":8,"column":8},"end":{"line":8,"column":25}},"4":{"start":{"line":9,"column":8},"end":{"line":9,"column":25}},"5":{"start":{"line":11,"column":8},"end":{"line":11,"column":58}},"6":{"start":{"line":15,"column":8},"end":{"line":15,"column":25}},"7":{"start":{"line":19,"column":8},"end":{"line":19,"column":25}},"8":{"start":{"line":24,"column":8},"end":{"line":24,"column":61}},"9":{"start":{"line":25,"column":8},"end":{"line":25,"column":28}},"10":{"start":{"line":28,"column":8},"end":{"line":30,"column":9}},"11":{"start":{"line":29,"column":12},"end":{"line":29,"column":32}},"12":{"start":{"line":32,"column":8},"end":{"line":32,"column":20}},"13":{"start":{"line":37,"column":12},"end":{"line":37,"column":54}},"14":{"start":{"line":40,"column":12},"end":{"line":44,"column":13}},"15":{"start":{"line":41,"column":16},"end":{"line":41,"column":36}},"16":{"start":{"line":43,"column":16},"end":{"line":43,"column":28}},"17":{"start":{"line":47,"column":12},"end":{"line":47,"column":37}},"18":{"start":{"line":92,"column":8},"end":{"line":94,"column":9}},"19":{"start":{"line":96,"column":8},"end":{"line":96,"column":36}},"20":{"start":{"line":98,"column":8},"end":{"line":107,"column":9}},"21":{"start":{"line":109,"column":8},"end":{"line":109,"column":20}},"22":{"start":{"line":145,"column":8},"end":{"line":145,"column":35}},"23":{"start":{"line":177,"column":0},"end":{"line":177,"column":28}}},"branchMap":{"1":{"line":28,"type":"if","locations":[{"start":{"line":28,"column":8},"end":{"line":28,"column":8}},{"start":{"line":28,"column":8},"end":{"line":28,"column":8}}]},"2":{"line":40,"type":"if","locations":[{"start":{"line":40,"column":12},"end":{"line":40,"column":12}},{"start":{"line":40,"column":12},"end":{"line":40,"column":12}}]},"3":{"line":92,"type":"if","locations":[{"start":{"line":92,"column":8},"end":{"line":92,"column":8}},{"start":{"line":92,"column":8},"end":{"line":92,"column":8}}]}}},"C:\\Users\\USER\\99e\\exx\\Express_99\\linknode.js":{"path":"C:\\Users\\USER\\99e\\exx\\Express_99\\linknode.js","s":{"1":4,"2":4,"3":1},"b":{},"f":{"1":4,"2":0},"fnMap":{"1":{"name":"(anonymous_1)","line":2,"loc":{"start":{"line":2,"column":15},"end":{"line":2,"column":36}}},"2":{"name":"(anonymous_2)","line":7,"loc":{"start":{"line":7,"column":12},"end":{"line":7,"column":23}}}},"statementMap":{"1":{"start":{"line":3,"column":8},"end":{"line":3,"column":27}},"2":{"start":{"line":4,"column":8},"end":{"line":4,"column":25}},"3":{"start":{"line":12,"column":0},"end":{"line":12,"column":32}}},"branchMap":{}},"C:\\Users\\USER\\99e\\exx\\Express_99\\comparator.js":{"path":"C:\\Users\\USER\\99e\\exx\\Express_99\\comparator.js","s":{"1":7,"2":0,"3":0,"4":0,"5":0,"6":0,"7":0,"8":0,"9":0,"10":0,"11":0,"12":0,"13":1},"b":{"1":[7,7],"2":[0,0],"3":[0,0],"4":[0,0],"5":[0,0]},"f":{"1":7,"2":0,"3":0,"4":0,"5":0,"6":0,"7":0,"8":0},"fnMap":{"1":{"name":"(anonymous_1)","line":3,"loc":{"start":{"line":3,"column":15},"end":{"line":3,"column":33}}},"2":{"name":"(anonymous_2)","line":8,"loc":{"start":{"line":8,"column":33},"end":{"line":8,"column":40}}},"3":{"name":"(anonymous_3)","line":17,"loc":{"start":{"line":17,"column":9},"end":{"line":17,"column":16}}},"4":{"name":"(anonymous_4)","line":22,"loc":{"start":{"line":22,"column":12},"end":{"line":22,"column":19}}},"5":{"name":"(anonymous_5)","line":27,"loc":{"start":{"line":27,"column":15},"end":{"line":27,"column":22}}},"6":{"name":"(anonymous_6)","line":32,"loc":{"start":{"line":32,"column":19},"end":{"line":32,"column":26}}},"7":{"name":"(anonymous_7)","line":36,"loc":{"start":{"line":36,"column":22},"end":{"line":36,"column":29}}},"8":{"name":"(anonymous_8)","line":41,"loc":{"start":{"line":41,"column":11},"end":{"line":41,"column":14}}}},"statementMap":{"1":{"start":{"line":4,"column":6},"end":{"line":4,"column":74}},"2":{"start":{"line":9,"column":6},"end":{"line":11,"column":7}},"3":{"start":{"line":10,"column":8},"end":{"line":10,"column":17}},"4":{"start":{"line":13,"column":6},"end":{"line":13,"column":28}},"5":{"start":{"line":18,"column":6},"end":{"line":18,"column":38}},"6":{"start":{"line":23,"column":6},"end":{"line":23,"column":36}},"7":{"start":{"line":28,"column":6},"end":{"line":28,"column":36}},"8":{"start":{"line":33,"column":6},"end":{"line":33,"column":53}},"9":{"start":{"line":37,"column":6},"end":{"line":37,"column":56}},"10":{"start":{"line":42,"column":6},"end":{"line":42,"column":43}},"11":{"start":{"line":43,"column":6},"end":{"line":43,"column":53}},"12":{"start":{"line":43,"column":31},"end":{"line":43,"column":52}},"13":{"start":{"line":47,"column":2},"end":{"line":47,"column":31}}},"branchMap":{"1":{"line":4,"type":"binary-expr","locations":[{"start":{"line":4,"column":21},"end":{"line":4,"column":36}},{"start":{"line":4,"column":40},"end":{"line":4,"column":73}}]},"2":{"line":9,"type":"if","locations":[{"start":{"line":9,"column":6},"end":{"line":9,"column":6}},{"start":{"line":9,"column":6},"end":{"line":9,"column":6}}]},"3":{"line":13,"type":"cond-expr","locations":[{"start":{"line":13,"column":21},"end":{"line":13,"column":23}},{"start":{"line":13,"column":26},"end":{"line":13,"column":27}}]},"4":{"line":33,"type":"binary-expr","locations":[{"start":{"line":33,"column":13},"end":{"line":33,"column":32}},{"start":{"line":33,"column":36},"end":{"line":33,"column":52}}]},"5":{"line":37,"type":"binary-expr","locations":[{"start":{"line":37,"column":13},"end":{"line":37,"column":35}},{"start":{"line":37,"column":39},"end":{"line":37,"column":55}}]}}}}