TN:
SF:C:\Users\USER\99e\exx\Express_99\simpletime.js
FN:3,(anonymous_1)
FN:9,(anonymous_2)
FN:21,(anonymous_3)
FN:64,(anonymous_4)
FNF:4
FNH:0
FNDA:0,(anonymous_1)
FNDA:0,(anonymous_2)
FNDA:0,(anonymous_3)
FNDA:0,(anonymous_4)
DA:4,0
DA:5,0
DA:6,0
DA:11,0
DA:12,0
DA:13,0
DA:14,0
DA:15,0
DA:16,0
DA:17,0
DA:22,0
DA:23,0
DA:25,0
DA:27,0
DA:28,0
DA:30,0
DA:31,0
DA:32,0
DA:33,0
DA:36,0
DA:39,0
DA:40,0
DA:41,0
DA:42,0
DA:43,0
DA:46,0
DA:50,0
DA:51,0
DA:53,0
DA:54,0
DA:55,0
DA:57,0
DA:58,0
DA:59,0
DA:65,0
DA:66,0
DA:70,1
LF:37
LH:1
BRDA:12,1,0,0
BRDA:12,1,1,0
BRDA:14,2,0,0
BRDA:14,2,1,0
BRDA:16,3,0,0
BRDA:16,3,1,0
BRDA:22,4,0,0
BRDA:22,4,1,0
BRDA:25,5,0,0
BRDA:25,5,1,0
BRDA:30,6,0,0
BRDA:30,6,1,0
BRDA:39,7,0,0
BRDA:39,7,1,0
BRDA:40,8,0,0
BRDA:40,8,1,0
BRDA:50,9,0,0
BRDA:50,9,1,0
BRDA:53,10,0,0
BRDA:53,10,1,0
BRDA:57,11,0,0
BRDA:57,11,1,0
BRF:22
BRH:0
end_of_record
TN:
SF:C:\Users\USER\99e\exx\Express_99\linkedlist.js
FN:6,(anonymous_1)
FN:14,(anonymous_2)
FN:18,(anonymous_3)
FN:22,(anonymous_4)
FN:36,(anonymous_5)
FN:91,(anonymous_6)
FN:144,(anonymous_7)
FNF:7
FNH:7
FNDA:7,(anonymous_1)
FNDA:1,(anonymous_2)
FNDA:1,(anonymous_3)
FNDA:1,(anonymous_4)
FNDA:3,(anonymous_5)
FNDA:1,(anonymous_6)
FNDA:1,(anonymous_7)
DA:1,1
DA:2,1
DA:8,7
DA:9,7
DA:11,7
DA:15,1
DA:19,1
DA:24,1
DA:25,1
DA:28,1
DA:29,1
DA:32,1
DA:37,3
DA:40,3
DA:41,2
DA:43,2
DA:47,1
DA:92,1
DA:96,1
DA:98,1
DA:109,1
DA:145,1
DA:177,1
LF:23
LH:23
BRDA:28,1,0,1
BRDA:28,1,1,0
BRDA:40,2,0,2
BRDA:40,2,1,1
BRDA:92,3,0,0
BRDA:92,3,1,1
BRF:6
BRH:4
end_of_record
TN:
SF:C:\Users\USER\99e\exx\Express_99\linknode.js
FN:2,(anonymous_1)
FN:7,(anonymous_2)
FNF:2
FNH:1
FNDA:4,(anonymous_1)
FNDA:0,(anonymous_2)
DA:3,4
DA:4,4
DA:12,1
LF:3
LH:3
BRF:0
BRH:0
end_of_record
TN:
SF:C:\Users\USER\99e\exx\Express_99\comparator.js
FN:3,(anonymous_1)
FN:8,(anonymous_2)
FN:17,(anonymous_3)
FN:22,(anonymous_4)
FN:27,(anonymous_5)
FN:32,(anonymous_6)
FN:36,(anonymous_7)
FN:41,(anonymous_8)
FNF:8
FNH:1
FNDA:7,(anonymous_1)
FNDA:0,(anonymous_2)
FNDA:0,(anonymous_3)
FNDA:0,(anonymous_4)
FNDA:0,(anonymous_5)
FNDA:0,(anonymous_6)
FNDA:0,(anonymous_7)
FNDA:0,(anonymous_8)
DA:4,7
DA:9,0
DA:10,0
DA:13,0
DA:18,0
DA:23,0
DA:28,0
DA:33,0
DA:37,0
DA:42,0
DA:43,0
DA:47,1
LF:12
LH:2
BRDA:4,1,0,7
BRDA:4,1,1,7
BRDA:9,2,0,0
BRDA:9,2,1,0
BRDA:13,3,0,0
BRDA:13,3,1,0
BRDA:33,4,0,0
BRDA:33,4,1,0
BRDA:37,5,0,0
BRDA:37,5,1,0
BRF:10
BRH:2
end_of_record
